2025-01-07 12:50:14.933 UTC [86315] DEBUG parse_ini_file: 'verbose' = '3' ok:1
2025-01-07 12:50:14.934 UTC [86315] DEBUG parse_ini_file: 'listen_addr' = 'localhost'
2025-01-07 12:50:14.934 UTC [86315] DEBUG parse_ini_file: 'listen_addr' = 'localhost' ok:1
2025-01-07 12:50:14.934 UTC [86315] DEBUG parse_ini_file: 'listen_port' = '6432'
2025-01-07 12:50:14.934 UTC [86315] DEBUG parse_ini_file: 'listen_port' = '6432' ok:1
2025-01-07 12:50:14.934 UTC [86315] DEBUG parse_ini_file: 'unix_socket_dir' = '/var/run/postgresql'
2025-01-07 12:50:14.934 UTC [86315] DEBUG parse_ini_file: 'unix_socket_dir' = '/var/run/postgresql' ok:1
2025-01-07 12:50:14.934 UTC [86315] DEBUG parse_ini_file: 'auth_type' = 'md5'
2025-01-07 12:50:14.934 UTC [86315] DEBUG parse_ini_file: 'auth_type' = 'md5' ok:1
2025-01-07 12:50:14.934 UTC [86315] DEBUG parse_ini_file: 'auth_file' = '/etc/pgbouncer/userlist.txt'
2025-01-07 12:50:14.934 UTC [86315] DEBUG parse_ini_file: 'auth_file' = '/etc/pgbouncer/userlist.txt' ok:1
2025-01-07 12:50:14.934 UTC [86315] DEBUG loading auth_file: "/etc/pgbouncer/userlist.txt"
2025-01-07 12:50:14.934 UTC [86315] ERROR broken auth file
2025-01-07 12:50:14.936 UTC [86315] FATAL PgBouncer should not run as root
2025-01-07 12:50:45.424 UTC [86564] DEBUG parse_ini_file: 'verbose' = '3' ok:1
2025-01-07 12:50:45.425 UTC [86564] DEBUG parse_ini_file: 'listen_addr' = 'localhost'
2025-01-07 12:50:45.425 UTC [86564] DEBUG parse_ini_file: 'listen_addr' = 'localhost' ok:1
2025-01-07 12:50:45.425 UTC [86564] DEBUG parse_ini_file: 'listen_port' = '6432'
2025-01-07 12:50:45.425 UTC [86564] DEBUG parse_ini_file: 'listen_port' = '6432' ok:1
2025-01-07 12:50:45.425 UTC [86564] DEBUG parse_ini_file: 'unix_socket_dir' = '/var/run/postgresql'
2025-01-07 12:50:45.425 UTC [86564] DEBUG parse_ini_file: 'unix_socket_dir' = '/var/run/postgresql' ok:1
2025-01-07 12:50:45.425 UTC [86564] DEBUG parse_ini_file: 'auth_type' = 'md5'
2025-01-07 12:50:45.425 UTC [86564] DEBUG parse_ini_file: 'auth_type' = 'md5' ok:1
2025-01-07 12:50:45.425 UTC [86564] DEBUG parse_ini_file: 'auth_file' = '/etc/pgbouncer/userlist.txt'
2025-01-07 12:50:45.425 UTC [86564] DEBUG parse_ini_file: 'auth_file' = '/etc/pgbouncer/userlist.txt' ok:1
2025-01-07 12:50:45.425 UTC [86564] ERROR could not open auth_file /etc/pgbouncer/userlist.txt: No such file or directory
2025-01-07 12:50:45.427 UTC [86564] FATAL PgBouncer should not run as root
2025-01-07 12:51:38.890 UTC [86937] DEBUG parse_ini_file: 'verbose' = '3' ok:1
2025-01-07 12:51:38.890 UTC [86937] DEBUG parse_ini_file: 'listen_addr' = 'localhost'
2025-01-07 12:51:38.890 UTC [86937] DEBUG parse_ini_file: 'listen_addr' = 'localhost' ok:1
2025-01-07 12:51:38.890 UTC [86937] DEBUG parse_ini_file: 'listen_port' = '6432'
2025-01-07 12:51:38.890 UTC [86937] DEBUG parse_ini_file: 'listen_port' = '6432' ok:1
2025-01-07 12:51:38.890 UTC [86937] DEBUG parse_ini_file: 'unix_socket_dir' = '/var/run/postgresql'
2025-01-07 12:51:38.890 UTC [86937] DEBUG parse_ini_file: 'unix_socket_dir' = '/var/run/postgresql' ok:1
2025-01-07 12:51:38.890 UTC [86937] DEBUG parse_ini_file: 'auth_type' = 'md5'
2025-01-07 12:51:38.890 UTC [86937] DEBUG parse_ini_file: 'auth_type' = 'md5' ok:1
2025-01-07 12:51:38.890 UTC [86937] DEBUG parse_ini_file: 'auth_file' = '/etc/pgbouncer/userlist.txt'
2025-01-07 12:51:38.890 UTC [86937] DEBUG parse_ini_file: 'auth_file' = '/etc/pgbouncer/userlist.txt' ok:1
2025-01-07 12:51:38.890 UTC [86937] DEBUG loading auth_file: "/etc/pgbouncer/userlist.txt"
2025-01-07 12:51:38.890 UTC [86937] ERROR broken auth file
2025-01-07 12:51:38.892 UTC [86937] FATAL PgBouncer should not run as root
2025-01-07 12:53:17.212 UTC [87570] DEBUG parse_ini_file: 'verbose' = '3' ok:1
2025-01-07 12:53:17.212 UTC [87570] DEBUG parse_ini_file: 'listen_addr' = 'localhost'
2025-01-07 12:53:17.212 UTC [87570] DEBUG parse_ini_file: 'listen_addr' = 'localhost' ok:1
2025-01-07 12:53:17.212 UTC [87570] DEBUG parse_ini_file: 'listen_port' = '6432'
2025-01-07 12:53:17.212 UTC [87570] DEBUG parse_ini_file: 'listen_port' = '6432' ok:1
2025-01-07 12:53:17.212 UTC [87570] DEBUG parse_ini_file: 'unix_socket_dir' = '/var/run/postgresql'
2025-01-07 12:53:17.212 UTC [87570] DEBUG parse_ini_file: 'unix_socket_dir' = '/var/run/postgresql' ok:1
2025-01-07 12:53:17.212 UTC [87570] DEBUG parse_ini_file: 'auth_type' = 'md5'
2025-01-07 12:53:17.212 UTC [87570] DEBUG parse_ini_file: 'auth_type' = 'md5' ok:1
2025-01-07 12:53:17.212 UTC [87570] DEBUG parse_ini_file: 'auth_file' = '/etc/pgbouncer/userlist.txt'
2025-01-07 12:53:17.212 UTC [87570] DEBUG parse_ini_file: 'auth_file' = '/etc/pgbouncer/userlist.txt' ok:1
2025-01-07 12:53:17.212 UTC [87570] DEBUG loading auth_file: "/etc/pgbouncer/userlist.txt"
2025-01-07 12:53:17.214 UTC [87570] FATAL PgBouncer should not run as root
2025-01-07 12:54:33.154 UTC [88026] DEBUG parse_ini_file: 'verbose' = '3' ok:1
2025-01-07 12:54:33.154 UTC [88026] DEBUG parse_ini_file: 'listen_addr' = 'localhost'
2025-01-07 12:54:33.154 UTC [88026] DEBUG parse_ini_file: 'listen_addr' = 'localhost' ok:1
2025-01-07 12:54:33.154 UTC [88026] DEBUG parse_ini_file: 'listen_port' = '6432'
2025-01-07 12:54:33.154 UTC [88026] DEBUG parse_ini_file: 'listen_port' = '6432' ok:1
2025-01-07 12:54:33.154 UTC [88026] DEBUG parse_ini_file: 'unix_socket_dir' = '/var/run/postgresql'
2025-01-07 12:54:33.155 UTC [88026] DEBUG parse_ini_file: 'unix_socket_dir' = '/var/run/postgresql' ok:1
2025-01-07 12:54:33.155 UTC [88026] DEBUG parse_ini_file: 'auth_type' = 'md5'
2025-01-07 12:54:33.155 UTC [88026] DEBUG parse_ini_file: 'auth_type' = 'md5' ok:1
2025-01-07 12:54:33.155 UTC [88026] DEBUG parse_ini_file: 'auth_file' = '/etc/pgbouncer/userlist.txt'
2025-01-07 12:54:33.155 UTC [88026] DEBUG parse_ini_file: 'auth_file' = '/etc/pgbouncer/userlist.txt' ok:1
2025-01-07 12:54:33.155 UTC [88026] DEBUG loading auth_file: "/etc/pgbouncer/userlist.txt"
2025-01-07 12:54:33.157 UTC [88026] FATAL PgBouncer should not run as root
2025-01-07 12:55:25.238 UTC [88459] DEBUG parse_ini_file: 'verbose' = '3' ok:1
2025-01-07 12:55:25.239 UTC [88459] DEBUG parse_ini_file: 'listen_addr' = 'localhost'
2025-01-07 12:55:25.239 UTC [88459] DEBUG parse_ini_file: 'listen_addr' = 'localhost' ok:1
2025-01-07 12:55:25.239 UTC [88459] DEBUG parse_ini_file: 'listen_port' = '6432'
2025-01-07 12:55:25.239 UTC [88459] DEBUG parse_ini_file: 'listen_port' = '6432' ok:1
2025-01-07 12:55:25.239 UTC [88459] DEBUG parse_ini_file: 'unix_socket_dir' = '/var/run/postgresql'
2025-01-07 12:55:25.239 UTC [88459] DEBUG parse_ini_file: 'unix_socket_dir' = '/var/run/postgresql' ok:1
2025-01-07 12:55:25.239 UTC [88459] DEBUG parse_ini_file: 'auth_type' = 'md5'
2025-01-07 12:55:25.239 UTC [88459] DEBUG parse_ini_file: 'auth_type' = 'md5' ok:1
2025-01-07 12:55:25.239 UTC [88459] DEBUG parse_ini_file: 'auth_file' = '/etc/pgbouncer/userlist.txt'
2025-01-07 12:55:25.239 UTC [88459] DEBUG parse_ini_file: 'auth_file' = '/etc/pgbouncer/userlist.txt' ok:1
2025-01-07 12:55:25.239 UTC [88459] DEBUG loading auth_file: "/etc/pgbouncer/userlist.txt"
2025-01-07 12:55:25.241 UTC [88459] FATAL PgBouncer should not run as root
2025-01-07 12:56:06.069 UTC [88814] DEBUG parse_ini_file: 'verbose' = '3' ok:1
2025-01-07 12:56:06.069 UTC [88814] DEBUG parse_ini_file: 'listen_addr' = 'localhost'
2025-01-07 12:56:06.069 UTC [88814] DEBUG parse_ini_file: 'listen_addr' = 'localhost' ok:1
2025-01-07 12:56:06.069 UTC [88814] DEBUG parse_ini_file: 'listen_port' = '6432'
2025-01-07 12:56:06.069 UTC [88814] DEBUG parse_ini_file: 'listen_port' = '6432' ok:1
2025-01-07 12:56:06.069 UTC [88814] DEBUG parse_ini_file: 'unix_socket_dir' = '/var/run/postgresql'
2025-01-07 12:56:06.069 UTC [88814] DEBUG parse_ini_file: 'unix_socket_dir' = '/var/run/postgresql' ok:1
2025-01-07 12:56:06.069 UTC [88814] DEBUG parse_ini_file: 'auth_type' = 'md5'
2025-01-07 12:56:06.069 UTC [88814] DEBUG parse_ini_file: 'auth_type' = 'md5' ok:1
2025-01-07 12:56:06.069 UTC [88814] DEBUG parse_ini_file: 'auth_file' = '/etc/pgbouncer/userlist.txt'
2025-01-07 12:56:06.069 UTC [88814] DEBUG parse_ini_file: 'auth_file' = '/etc/pgbouncer/userlist.txt' ok:1
2025-01-07 12:56:06.069 UTC [88814] DEBUG loading auth_file: "/etc/pgbouncer/userlist.txt"
2025-01-07 12:56:06.071 UTC [88814] FATAL PgBouncer should not run as root
